<?xml version="1.0" encoding="UTF-8"?>
<!-- Generated by org.testng.reporters.JUnitReportReporter -->
<testsuite hostname="IN-B48C0F3" failures="0" tests="1" name="automation.mytest" time="16.740" errors="0" timestamp="2024-05-07T12:52:39 IST" skipped="0">
  <testcase classname="automation.mytest" name="test" time="16.740"/>
  <system-out/>
</testsuite> <!-- automation.mytest -->
